<?xml version="1.0" encoding="UTF-8"?>
<testsuite name="Project 3.TestSuiteSearchAPI" tests="11" failures="1" errors="0" time="28.748"><properties>
[...]
</properties><testcase name="Company SearchAPI" time="2.065"/><testcase name="User Search API Logged User" time="3.278"/><testcase name="Login API" time="7.963"/><testcase name="Zdoc Update Status" time="3.585"/><testcase name="Login History" time="2.412"/><testcase name="Change MPIN" time="5.022"/><testcase name="getPreferenceData" time="1.856"/><testcase name="ForgetPassword" time="0.642"/><testcase name="UpadteProfilePic" time="1.917"/><testcase name="UpdateUserProfile" time="0.0"><failure type="Cancelling due to failed test step" message="Cancelling due to failed test step"><![CDATA[<h3><b>Login Failed</b></h3><pre>org.apache.http.NoHttpResponseException: The target server failed to respond
</pre><hr/>]]></failure></testcase><testcase name="ChangePassword" time="0.008"/></testsuite>